mode: atomic
filesystem-exporter/cmd/main.go:18.13,24.22 4 0
filesystem-exporter/cmd/main.go:24.22,25.61 1 0
filesystem-exporter/cmd/main.go:25.61,27.4 1 0
filesystem-exporter/cmd/main.go:27.9,29.4 1 0
filesystem-exporter/cmd/main.go:33.2,34.16 2 0
filesystem-exporter/cmd/main.go:34.16,37.3 2 0
filesystem-exporter/cmd/main.go:40.2,62.12 11 0
filesystem-exporter/cmd/main.go:62.12,67.3 4 0
filesystem-exporter/cmd/main.go:70.2,70.36 1 0
filesystem-exporter/cmd/main.go:70.36,74.3 3 0
filesystem-exporter/internal/server/server.go:24.40,25.75 1 0
filesystem-exporter/internal/server/server.go:25.75,37.3 2 0
filesystem-exporter/internal/server/server.go:40.66,54.2 6 0
filesystem-exporter/internal/server/server.go:56.32,65.2 3 0
filesystem-exporter/internal/server/server.go:67.45,212.2 3 0
filesystem-exporter/internal/server/server.go:214.47,221.2 1 0
filesystem-exporter/internal/server/server.go:223.32,235.2 4 0
filesystem-exporter/internal/server/server.go:237.29,238.21 1 0
filesystem-exporter/internal/server/server.go:238.21,242.48 3 0
filesystem-exporter/internal/server/server.go:242.48,244.4 1 0
filesystem-exporter/internal/server/server.go:244.9,246.4 1 0
filesystem-exporter/internal/logging/logging.go:11.43,13.19 2 0
filesystem-exporter/internal/logging/logging.go:14.15,15.26 1 0
filesystem-exporter/internal/logging/logging.go:16.14,17.25 1 0
filesystem-exporter/internal/logging/logging.go:18.14,19.25 1 0
filesystem-exporter/internal/logging/logging.go:20.15,21.26 1 0
filesystem-exporter/internal/logging/logging.go:22.10,23.25 1 0
filesystem-exporter/internal/logging/logging.go:26.2,28.20 2 0
filesystem-exporter/internal/logging/logging.go:29.14,32.5 1 0
filesystem-exporter/internal/logging/logging.go:33.10,36.5 1 0
filesystem-exporter/internal/logging/logging.go:39.2,39.36 1 0
filesystem-exporter/internal/metrics/registry.go:34.30,118.2 3 5
filesystem-exporter/internal/metrics/registry.go:121.55,123.2 1 0
filesystem-exporter/internal/metrics/registry.go:125.59,127.2 1 14
filesystem-exporter/internal/metrics/registry.go:129.64,131.2 1 1
filesystem-exporter/internal/metrics/registry.go:133.64,135.2 1 1
filesystem-exporter/internal/metrics/registry.go:137.62,139.2 1 4
filesystem-exporter/internal/metrics/registry.go:141.67,143.2 1 1
filesystem-exporter/internal/metrics/registry.go:145.68,147.2 1 1
filesystem-exporter/internal/metrics/registry.go:149.70,151.2 1 4
filesystem-exporter/internal/metrics/registry.go:153.69,155.2 1 1
filesystem-exporter/internal/metrics/registry.go:157.73,159.2 1 2
filesystem-exporter/internal/metrics/registry.go:161.70,163.2 1 1
filesystem-exporter/internal/metrics/registry.go:165.67,167.2 1 0
filesystem-exporter/internal/config/config.go:18.75,20.42 2 12
filesystem-exporter/internal/config/config.go:20.42,22.3 1 0
filesystem-exporter/internal/config/config.go:24.2,24.27 1 12
filesystem-exporter/internal/config/config.go:25.14,27.17 2 10
filesystem-exporter/internal/config/config.go:27.17,29.4 1 1
filesystem-exporter/internal/config/config.go:31.3,31.24 1 9
filesystem-exporter/internal/config/config.go:32.11,34.46 1 2
filesystem-exporter/internal/config/config.go:35.13,37.46 1 0
filesystem-exporter/internal/config/config.go:38.10,39.90 1 0
filesystem-exporter/internal/config/config.go:42.2,42.12 1 11
filesystem-exporter/internal/config/config.go:46.34,48.2 1 16
filesystem-exporter/internal/config/config.go:79.83,86.41 3 7
filesystem-exporter/internal/config/config.go:86.41,88.3 1 0
filesystem-exporter/internal/config/config.go:90.2,93.12 3 7
filesystem-exporter/internal/config/config.go:109.41,112.16 2 9
filesystem-exporter/internal/config/config.go:112.16,114.3 1 1
filesystem-exporter/internal/config/config.go:116.2,117.54 2 8
filesystem-exporter/internal/config/config.go:117.54,119.3 1 1
filesystem-exporter/internal/config/config.go:122.2,122.30 1 7
filesystem-exporter/internal/config/config.go:122.30,124.3 1 6
filesystem-exporter/internal/config/config.go:126.2,126.29 1 7
filesystem-exporter/internal/config/config.go:126.29,128.3 1 5
filesystem-exporter/internal/config/config.go:130.2,130.32 1 7
filesystem-exporter/internal/config/config.go:130.32,132.3 1 5
filesystem-exporter/internal/config/config.go:134.2,134.33 1 7
filesystem-exporter/internal/config/config.go:134.33,136.3 1 6
filesystem-exporter/internal/config/config.go:138.2,138.51 1 7
filesystem-exporter/internal/config/config.go:138.51,140.3 1 0
filesystem-exporter/internal/config/config.go:143.2,143.42 1 7
filesystem-exporter/internal/config/config.go:143.42,145.3 1 5
filesystem-exporter/internal/config/config.go:147.2,147.21 1 2
filesystem-exporter/internal/config/config.go:151.35,153.49 1 7
filesystem-exporter/internal/config/config.go:153.49,155.3 1 1
filesystem-exporter/internal/config/config.go:158.2,158.50 1 6
filesystem-exporter/internal/config/config.go:158.50,160.3 1 1
filesystem-exporter/internal/config/config.go:163.2,163.50 1 5
filesystem-exporter/internal/config/config.go:163.50,165.3 1 3
filesystem-exporter/internal/config/config.go:168.2,168.48 1 2
filesystem-exporter/internal/config/config.go:168.48,170.3 1 0
filesystem-exporter/internal/config/config.go:173.2,173.48 1 2
filesystem-exporter/internal/config/config.go:173.48,175.3 1 0
filesystem-exporter/internal/config/config.go:177.2,177.12 1 2
filesystem-exporter/internal/config/config.go:180.47,181.48 1 7
filesystem-exporter/internal/config/config.go:181.48,183.3 1 1
filesystem-exporter/internal/config/config.go:185.2,185.12 1 6
filesystem-exporter/internal/config/config.go:188.48,195.35 2 6
filesystem-exporter/internal/config/config.go:195.35,197.3 1 1
filesystem-exporter/internal/config/config.go:199.2,203.37 2 5
filesystem-exporter/internal/config/config.go:203.37,205.3 1 0
filesystem-exporter/internal/config/config.go:207.2,207.12 1 5
filesystem-exporter/internal/config/config.go:210.48,211.56 1 5
filesystem-exporter/internal/config/config.go:211.56,213.3 1 3
filesystem-exporter/internal/config/config.go:215.2,215.60 1 2
filesystem-exporter/internal/config/config.go:215.60,217.3 1 0
filesystem-exporter/internal/config/config.go:219.2,219.12 1 2
filesystem-exporter/internal/config/config.go:222.46,223.29 1 2
filesystem-exporter/internal/config/config.go:223.29,225.3 1 0
filesystem-exporter/internal/config/config.go:227.2,230.35 3 2
filesystem-exporter/internal/config/config.go:230.35,232.20 1 3
filesystem-exporter/internal/config/config.go:232.20,234.4 1 0
filesystem-exporter/internal/config/config.go:236.3,236.25 1 3
filesystem-exporter/internal/config/config.go:236.25,238.4 1 0
filesystem-exporter/internal/config/config.go:240.3,243.26 2 3
filesystem-exporter/internal/config/config.go:243.26,245.4 1 0
filesystem-exporter/internal/config/config.go:247.3,247.37 1 3
filesystem-exporter/internal/config/config.go:247.37,249.4 1 0
filesystem-exporter/internal/config/config.go:251.3,251.37 1 3
filesystem-exporter/internal/config/config.go:251.37,253.4 1 0
filesystem-exporter/internal/config/config.go:255.3,258.22 2 3
filesystem-exporter/internal/config/config.go:258.22,260.4 1 0
filesystem-exporter/internal/config/config.go:263.3,263.25 1 3
filesystem-exporter/internal/config/config.go:263.25,264.33 1 1
filesystem-exporter/internal/config/config.go:264.33,266.5 1 0
filesystem-exporter/internal/config/config.go:268.4,268.37 1 1
filesystem-exporter/internal/config/config.go:268.37,270.5 1 0
filesystem-exporter/internal/config/config.go:274.3,274.51 1 3
filesystem-exporter/internal/config/config.go:274.51,276.4 1 0
filesystem-exporter/internal/config/config.go:279.2,279.12 1 2
filesystem-exporter/internal/config/config.go:282.46,283.29 1 2
filesystem-exporter/internal/config/config.go:283.29,285.3 1 0
filesystem-exporter/internal/config/config.go:287.2,289.39 2 2
filesystem-exporter/internal/config/config.go:289.39,291.17 1 3
filesystem-exporter/internal/config/config.go:291.17,293.4 1 0
filesystem-exporter/internal/config/config.go:296.3,296.21 1 3
filesystem-exporter/internal/config/config.go:296.21,298.4 1 0
filesystem-exporter/internal/config/config.go:300.3,300.32 1 3
filesystem-exporter/internal/config/config.go:300.32,302.4 1 0
filesystem-exporter/internal/config/config.go:304.3,304.26 1 3
filesystem-exporter/internal/config/config.go:304.26,306.4 1 0
filesystem-exporter/internal/config/config.go:308.3,311.33 2 3
filesystem-exporter/internal/config/config.go:311.33,313.4 1 0
filesystem-exporter/internal/config/config.go:315.3,315.34 1 3
filesystem-exporter/internal/config/config.go:315.34,317.4 1 0
filesystem-exporter/internal/config/config.go:320.3,320.26 1 3
filesystem-exporter/internal/config/config.go:320.26,321.34 1 1
filesystem-exporter/internal/config/config.go:321.34,323.5 1 0
filesystem-exporter/internal/config/config.go:325.4,325.38 1 1
filesystem-exporter/internal/config/config.go:325.38,327.5 1 0
filesystem-exporter/internal/config/config.go:331.3,331.46 1 3
filesystem-exporter/internal/config/config.go:331.46,333.4 1 0
filesystem-exporter/internal/config/config.go:336.2,336.12 1 2
filesystem-exporter/internal/config/config.go:340.65,341.24 1 0
filesystem-exporter/internal/config/config.go:341.24,343.3 1 0
filesystem-exporter/internal/config/config.go:345.2,345.55 1 0
filesystem-exporter/internal/config/config.go:349.63,350.25 1 0
filesystem-exporter/internal/config/config.go:350.25,352.3 1 0
filesystem-exporter/internal/config/config.go:354.2,354.55 1 0
filesystem-exporter/internal/collectors/directory_collector.go:25.96,30.2 1 3
filesystem-exporter/internal/collectors/directory_collector.go:32.58,34.2 1 1
filesystem-exporter/internal/collectors/directory_collector.go:36.56,40.15 2 1
filesystem-exporter/internal/collectors/directory_collector.go:40.15,41.34 1 0
filesystem-exporter/internal/collectors/directory_collector.go:41.34,43.4 1 0
filesystem-exporter/internal/collectors/directory_collector.go:47.2,47.54 1 1
filesystem-exporter/internal/collectors/directory_collector.go:47.54,56.51 5 1
filesystem-exporter/internal/collectors/directory_collector.go:56.51,57.8 1 0
filesystem-exporter/internal/collectors/directory_collector.go:57.8,58.12 1 0
filesystem-exporter/internal/collectors/directory_collector.go:59.23,60.12 1 0
filesystem-exporter/internal/collectors/directory_collector.go:61.21,62.47 1 0
filesystem-exporter/internal/collectors/directory_collector.go:69.2,70.42 2 0
filesystem-exporter/internal/collectors/directory_collector.go:73.122,80.42 4 1
filesystem-exporter/internal/collectors/directory_collector.go:80.42,82.3 1 1
filesystem-exporter/internal/collectors/directory_collector.go:83.2,83.16 1 0
filesystem-exporter/internal/collectors/directory_collector.go:83.16,88.3 3 0
filesystem-exporter/internal/collectors/directory_collector.go:90.2,96.95 5 0
filesystem-exporter/internal/collectors/directory_collector.go:100.122,105.53 3 1
filesystem-exporter/internal/collectors/directory_collector.go:105.53,106.37 1 1
filesystem-exporter/internal/collectors/directory_collector.go:106.37,108.4 1 0
filesystem-exporter/internal/collectors/directory_collector.go:108.9,110.28 2 1
filesystem-exporter/internal/collectors/directory_collector.go:110.28,114.5 3 1
filesystem-exporter/internal/collectors/directory_collector.go:118.2,118.84 1 0
filesystem-exporter/internal/collectors/directory_collector.go:121.150,123.2 1 1
filesystem-exporter/internal/collectors/directory_collector.go:125.150,126.35 1 1
filesystem-exporter/internal/collectors/directory_collector.go:126.35,129.3 1 1
filesystem-exporter/internal/collectors/directory_collector.go:132.2,132.72 1 0
filesystem-exporter/internal/collectors/directory_collector.go:135.148,137.46 1 7
filesystem-exporter/internal/collectors/directory_collector.go:137.46,140.3 2 0
filesystem-exporter/internal/collectors/directory_collector.go:143.2,166.16 11 7
filesystem-exporter/internal/collectors/directory_collector.go:166.16,169.3 2 7
filesystem-exporter/internal/collectors/directory_collector.go:172.2,173.20 2 0
filesystem-exporter/internal/collectors/directory_collector.go:173.20,176.3 2 0
filesystem-exporter/internal/collectors/directory_collector.go:178.2,179.16 2 0
filesystem-exporter/internal/collectors/directory_collector.go:179.16,182.3 2 0
filesystem-exporter/internal/collectors/directory_collector.go:185.2,198.12 5 0
filesystem-exporter/internal/collectors/directory_collector.go:201.150,203.52 1 0
filesystem-exporter/internal/collectors/directory_collector.go:203.52,206.3 2 0
filesystem-exporter/internal/collectors/directory_collector.go:209.2,209.101 1 0
filesystem-exporter/internal/collectors/directory_collector.go:209.101,212.3 1 0
filesystem-exporter/internal/collectors/directory_collector.go:215.2,215.88 1 0
filesystem-exporter/internal/collectors/directory_collector.go:215.88,216.17 1 0
filesystem-exporter/internal/collectors/directory_collector.go:216.17,219.4 2 0
filesystem-exporter/internal/collectors/directory_collector.go:222.3,222.25 1 0
filesystem-exporter/internal/collectors/directory_collector.go:222.25,224.4 1 0
filesystem-exporter/internal/collectors/directory_collector.go:227.3,228.77 2 0
filesystem-exporter/internal/collectors/directory_collector.go:228.77,230.4 1 0
filesystem-exporter/internal/collectors/directory_collector.go:233.3,234.17 2 0
filesystem-exporter/internal/collectors/directory_collector.go:234.17,237.4 2 0
filesystem-exporter/internal/collectors/directory_collector.go:241.3,245.59 3 0
filesystem-exporter/internal/collectors/directory_collector.go:245.59,247.4 1 0
filesystem-exporter/internal/collectors/directory_collector.go:247.9,249.4 1 0
filesystem-exporter/internal/collectors/directory_collector.go:251.3,251.17 1 0
filesystem-exporter/internal/collectors/directory_collector.go:251.17,253.4 1 0
filesystem-exporter/internal/collectors/directory_collector.go:256.3,256.53 1 0
filesystem-exporter/internal/collectors/directory_collector.go:256.53,258.101 1 0
filesystem-exporter/internal/collectors/directory_collector.go:258.101,261.5 1 0
filesystem-exporter/internal/collectors/directory_collector.go:262.9,262.46 1 0
filesystem-exporter/internal/collectors/directory_collector.go:262.46,265.4 1 0
filesystem-exporter/internal/collectors/directory_collector.go:267.3,267.13 1 0
filesystem-exporter/internal/collectors/directory_collector.go:269.2,269.16 1 0
filesystem-exporter/internal/collectors/directory_collector.go:269.16,272.3 2 0
filesystem-exporter/internal/collectors/directory_collector.go:274.2,274.12 1 0
filesystem-exporter/internal/collectors/directory_collector.go:278.63,280.41 1 7
filesystem-exporter/internal/collectors/directory_collector.go:280.41,282.3 1 0
filesystem-exporter/internal/collectors/directory_collector.go:285.2,285.27 1 7
filesystem-exporter/internal/collectors/directory_collector.go:285.27,287.3 1 0
filesystem-exporter/internal/collectors/directory_collector.go:290.2,291.44 2 7
filesystem-exporter/internal/collectors/directory_collector.go:291.44,292.38 1 35
filesystem-exporter/internal/collectors/directory_collector.go:292.38,294.4 1 0
filesystem-exporter/internal/collectors/directory_collector.go:297.2,297.12 1 7
filesystem-exporter/internal/collectors/volume_collector.go:23.98,28.2 1 0
filesystem-exporter/internal/collectors/volume_collector.go:30.59,32.2 1 0
filesystem-exporter/internal/collectors/volume_collector.go:34.57,38.15 2 0
filesystem-exporter/internal/collectors/volume_collector.go:38.15,39.34 1 0
filesystem-exporter/internal/collectors/volume_collector.go:39.34,41.4 1 0
filesystem-exporter/internal/collectors/volume_collector.go:45.2,45.51 1 0
filesystem-exporter/internal/collectors/volume_collector.go:45.51,54.39 5 0
filesystem-exporter/internal/collectors/volume_collector.go:54.39,55.8 1 0
filesystem-exporter/internal/collectors/volume_collector.go:55.8,56.12 1 0
filesystem-exporter/internal/collectors/volume_collector.go:57.23,58.12 1 0
filesystem-exporter/internal/collectors/volume_collector.go:59.21,60.41 1 0
filesystem-exporter/internal/collectors/volume_collector.go:67.2,68.43 2 0
filesystem-exporter/internal/collectors/volume_collector.go:71.113,78.42 4 0
filesystem-exporter/internal/collectors/volume_collector.go:78.42,80.3 1 0
filesystem-exporter/internal/collectors/volume_collector.go:81.2,81.16 1 0
filesystem-exporter/internal/collectors/volume_collector.go:81.16,86.3 3 0
filesystem-exporter/internal/collectors/volume_collector.go:88.2,94.107 5 0
filesystem-exporter/internal/collectors/volume_collector.go:98.123,103.53 3 0
filesystem-exporter/internal/collectors/volume_collector.go:103.53,104.37 1 0
filesystem-exporter/internal/collectors/volume_collector.go:104.37,106.4 1 0
filesystem-exporter/internal/collectors/volume_collector.go:106.9,108.28 2 0
filesystem-exporter/internal/collectors/volume_collector.go:108.28,112.5 3 0
filesystem-exporter/internal/collectors/volume_collector.go:116.2,116.84 1 0
filesystem-exporter/internal/collectors/volume_collector.go:119.118,121.69 1 0
filesystem-exporter/internal/collectors/volume_collector.go:121.69,123.3 1 0
filesystem-exporter/internal/collectors/volume_collector.go:126.2,137.16 6 0
filesystem-exporter/internal/collectors/volume_collector.go:137.16,139.3 1 0
filesystem-exporter/internal/collectors/volume_collector.go:141.2,142.20 2 0
filesystem-exporter/internal/collectors/volume_collector.go:142.20,144.3 1 0
filesystem-exporter/internal/collectors/volume_collector.go:147.2,157.34 3 0
filesystem-exporter/internal/collectors/volume_collector.go:157.34,159.17 2 0
filesystem-exporter/internal/collectors/volume_collector.go:159.17,160.12 1 0
filesystem-exporter/internal/collectors/volume_collector.go:163.3,164.22 2 0
filesystem-exporter/internal/collectors/volume_collector.go:164.22,166.64 1 0
filesystem-exporter/internal/collectors/volume_collector.go:166.64,168.10 2 0
filesystem-exporter/internal/collectors/volume_collector.go:173.2,173.21 1 0
filesystem-exporter/internal/collectors/volume_collector.go:173.21,175.40 1 0
filesystem-exporter/internal/collectors/volume_collector.go:175.40,177.18 2 0
filesystem-exporter/internal/collectors/volume_collector.go:177.18,179.24 2 0
filesystem-exporter/internal/collectors/volume_collector.go:179.24,183.25 1 0
filesystem-exporter/internal/collectors/volume_collector.go:183.25,185.67 1 0
filesystem-exporter/internal/collectors/volume_collector.go:185.67,187.13 2 0
filesystem-exporter/internal/collectors/volume_collector.go:195.2,195.21 1 0
filesystem-exporter/internal/collectors/volume_collector.go:195.21,197.3 1 0
filesystem-exporter/internal/collectors/volume_collector.go:199.2,200.20 2 0
filesystem-exporter/internal/collectors/volume_collector.go:200.20,202.3 1 0
filesystem-exporter/internal/collectors/volume_collector.go:208.2,215.76 2 0
filesystem-exporter/internal/collectors/volume_collector.go:215.76,217.22 1 0
filesystem-exporter/internal/collectors/volume_collector.go:217.22,219.4 1 0
filesystem-exporter/internal/collectors/volume_collector.go:219.9,221.4 1 0
filesystem-exporter/internal/collectors/volume_collector.go:222.8,224.22 1 0
filesystem-exporter/internal/collectors/volume_collector.go:224.22,226.23 2 0
filesystem-exporter/internal/collectors/volume_collector.go:226.23,228.5 1 0
filesystem-exporter/internal/collectors/volume_collector.go:230.4,231.23 2 0
filesystem-exporter/internal/collectors/volume_collector.go:231.23,233.5 1 0
filesystem-exporter/internal/collectors/volume_collector.go:234.9,236.4 1 0
filesystem-exporter/internal/collectors/volume_collector.go:239.2,239.21 1 0
filesystem-exporter/internal/collectors/volume_collector.go:239.21,241.3 1 0
filesystem-exporter/internal/collectors/volume_collector.go:244.2,262.12 9 0
filesystem-exporter/internal/collectors/volume_collector.go:266.76,268.47 1 0
filesystem-exporter/internal/collectors/volume_collector.go:268.47,270.3 1 0
filesystem-exporter/internal/collectors/volume_collector.go:273.2,273.33 1 0
filesystem-exporter/internal/collectors/volume_collector.go:273.33,275.3 1 0
filesystem-exporter/internal/collectors/volume_collector.go:278.2,279.44 2 0
filesystem-exporter/internal/collectors/volume_collector.go:279.44,280.44 1 0
filesystem-exporter/internal/collectors/volume_collector.go:280.44,282.4 1 0
filesystem-exporter/internal/collectors/volume_collector.go:285.2,285.12 1 0
filesystem-exporter/internal/collectors/volume_collector.go:289.65,293.2 1 0
