mode: atomic
filesystem-exporter/cmd/main.go:18.13,24.22 4 0
filesystem-exporter/cmd/main.go:24.22,25.61 1 0
filesystem-exporter/cmd/main.go:25.61,27.4 1 0
filesystem-exporter/cmd/main.go:27.9,29.4 1 0
filesystem-exporter/cmd/main.go:33.2,34.16 2 0
filesystem-exporter/cmd/main.go:34.16,37.3 2 0
filesystem-exporter/cmd/main.go:40.2,62.12 11 0
filesystem-exporter/cmd/main.go:62.12,67.3 4 0
filesystem-exporter/cmd/main.go:70.2,70.36 1 0
filesystem-exporter/cmd/main.go:70.36,74.3 3 0
filesystem-exporter/internal/logging/logging.go:11.43,13.19 2 0
filesystem-exporter/internal/logging/logging.go:14.15,15.26 1 0
filesystem-exporter/internal/logging/logging.go:16.14,17.25 1 0
filesystem-exporter/internal/logging/logging.go:18.14,19.25 1 0
filesystem-exporter/internal/logging/logging.go:20.15,21.26 1 0
filesystem-exporter/internal/logging/logging.go:22.10,23.25 1 0
filesystem-exporter/internal/logging/logging.go:26.2,27.20 2 0
filesystem-exporter/internal/logging/logging.go:28.14,31.5 1 0
filesystem-exporter/internal/logging/logging.go:32.10,35.5 1 0
filesystem-exporter/internal/logging/logging.go:38.2,38.36 1 0
filesystem-exporter/internal/server/server.go:25.40,26.75 1 0
filesystem-exporter/internal/server/server.go:26.75,37.3 2 0
filesystem-exporter/internal/server/server.go:40.66,53.2 6 0
filesystem-exporter/internal/server/server.go:55.32,64.2 3 0
filesystem-exporter/internal/server/server.go:66.45,211.2 3 0
filesystem-exporter/internal/server/server.go:213.47,220.2 1 0
filesystem-exporter/internal/server/server.go:222.32,233.2 4 0
filesystem-exporter/internal/server/server.go:235.29,236.21 1 0
filesystem-exporter/internal/server/server.go:236.21,240.48 3 0
filesystem-exporter/internal/server/server.go:240.48,242.4 1 0
filesystem-exporter/internal/server/server.go:242.9,244.4 1 0
filesystem-exporter/internal/metrics/registry.go:34.30,118.2 3 5
filesystem-exporter/internal/metrics/registry.go:121.55,123.2 1 0
filesystem-exporter/internal/metrics/registry.go:125.59,127.2 1 14
filesystem-exporter/internal/metrics/registry.go:129.64,131.2 1 1
filesystem-exporter/internal/metrics/registry.go:133.64,135.2 1 1
filesystem-exporter/internal/metrics/registry.go:137.62,139.2 1 4
filesystem-exporter/internal/metrics/registry.go:141.67,143.2 1 1
filesystem-exporter/internal/metrics/registry.go:145.68,147.2 1 1
filesystem-exporter/internal/metrics/registry.go:149.70,151.2 1 4
filesystem-exporter/internal/metrics/registry.go:153.69,155.2 1 1
filesystem-exporter/internal/metrics/registry.go:157.73,159.2 1 2
filesystem-exporter/internal/metrics/registry.go:161.70,163.2 1 1
filesystem-exporter/internal/metrics/registry.go:165.67,167.2 1 0
filesystem-exporter/internal/config/config.go:18.75,20.42 2 12
filesystem-exporter/internal/config/config.go:20.42,22.3 1 0
filesystem-exporter/internal/config/config.go:24.2,24.27 1 12
filesystem-exporter/internal/config/config.go:25.14,27.17 2 10
filesystem-exporter/internal/config/config.go:27.17,29.4 1 1
filesystem-exporter/internal/config/config.go:30.3,30.24 1 9
filesystem-exporter/internal/config/config.go:31.11,33.46 1 2
filesystem-exporter/internal/config/config.go:34.13,36.46 1 0
filesystem-exporter/internal/config/config.go:37.10,38.90 1 0
filesystem-exporter/internal/config/config.go:41.2,41.12 1 11
filesystem-exporter/internal/config/config.go:45.34,47.2 1 16
filesystem-exporter/internal/config/config.go:78.83,85.41 3 7
filesystem-exporter/internal/config/config.go:85.41,87.3 1 0
filesystem-exporter/internal/config/config.go:89.2,92.12 3 7
filesystem-exporter/internal/config/config.go:108.41,110.16 2 9
filesystem-exporter/internal/config/config.go:110.16,112.3 1 1
filesystem-exporter/internal/config/config.go:114.2,115.54 2 8
filesystem-exporter/internal/config/config.go:115.54,117.3 1 1
filesystem-exporter/internal/config/config.go:120.2,120.30 1 7
filesystem-exporter/internal/config/config.go:120.30,122.3 1 6
filesystem-exporter/internal/config/config.go:123.2,123.29 1 7
filesystem-exporter/internal/config/config.go:123.29,125.3 1 5
filesystem-exporter/internal/config/config.go:126.2,126.32 1 7
filesystem-exporter/internal/config/config.go:126.32,128.3 1 5
filesystem-exporter/internal/config/config.go:129.2,129.33 1 7
filesystem-exporter/internal/config/config.go:129.33,131.3 1 6
filesystem-exporter/internal/config/config.go:132.2,132.51 1 7
filesystem-exporter/internal/config/config.go:132.51,134.3 1 0
filesystem-exporter/internal/config/config.go:137.2,137.42 1 7
filesystem-exporter/internal/config/config.go:137.42,139.3 1 5
filesystem-exporter/internal/config/config.go:141.2,141.21 1 2
filesystem-exporter/internal/config/config.go:145.35,147.49 1 7
filesystem-exporter/internal/config/config.go:147.49,149.3 1 1
filesystem-exporter/internal/config/config.go:152.2,152.50 1 6
filesystem-exporter/internal/config/config.go:152.50,154.3 1 1
filesystem-exporter/internal/config/config.go:157.2,157.50 1 5
filesystem-exporter/internal/config/config.go:157.50,159.3 1 3
filesystem-exporter/internal/config/config.go:162.2,162.48 1 2
filesystem-exporter/internal/config/config.go:162.48,164.3 1 0
filesystem-exporter/internal/config/config.go:167.2,167.48 1 2
filesystem-exporter/internal/config/config.go:167.48,169.3 1 0
filesystem-exporter/internal/config/config.go:171.2,171.12 1 2
filesystem-exporter/internal/config/config.go:174.47,175.48 1 7
filesystem-exporter/internal/config/config.go:175.48,177.3 1 1
filesystem-exporter/internal/config/config.go:178.2,178.12 1 6
filesystem-exporter/internal/config/config.go:181.48,188.35 2 6
filesystem-exporter/internal/config/config.go:188.35,190.3 1 1
filesystem-exporter/internal/config/config.go:192.2,196.37 2 5
filesystem-exporter/internal/config/config.go:196.37,198.3 1 0
filesystem-exporter/internal/config/config.go:200.2,200.12 1 5
filesystem-exporter/internal/config/config.go:203.48,204.56 1 5
filesystem-exporter/internal/config/config.go:204.56,206.3 1 3
filesystem-exporter/internal/config/config.go:207.2,207.60 1 2
filesystem-exporter/internal/config/config.go:207.60,209.3 1 0
filesystem-exporter/internal/config/config.go:210.2,210.12 1 2
filesystem-exporter/internal/config/config.go:213.46,214.29 1 2
filesystem-exporter/internal/config/config.go:214.29,216.3 1 0
filesystem-exporter/internal/config/config.go:218.2,221.35 3 2
filesystem-exporter/internal/config/config.go:221.35,223.20 1 3
filesystem-exporter/internal/config/config.go:223.20,225.4 1 0
filesystem-exporter/internal/config/config.go:226.3,226.25 1 3
filesystem-exporter/internal/config/config.go:226.25,228.4 1 0
filesystem-exporter/internal/config/config.go:229.3,232.26 2 3
filesystem-exporter/internal/config/config.go:232.26,234.4 1 0
filesystem-exporter/internal/config/config.go:235.3,235.37 1 3
filesystem-exporter/internal/config/config.go:235.37,237.4 1 0
filesystem-exporter/internal/config/config.go:238.3,238.37 1 3
filesystem-exporter/internal/config/config.go:238.37,240.4 1 0
filesystem-exporter/internal/config/config.go:241.3,244.22 2 3
filesystem-exporter/internal/config/config.go:244.22,246.4 1 0
filesystem-exporter/internal/config/config.go:249.3,249.25 1 3
filesystem-exporter/internal/config/config.go:249.25,250.33 1 1
filesystem-exporter/internal/config/config.go:250.33,252.5 1 0
filesystem-exporter/internal/config/config.go:253.4,253.37 1 1
filesystem-exporter/internal/config/config.go:253.37,255.5 1 0
filesystem-exporter/internal/config/config.go:259.3,259.51 1 3
filesystem-exporter/internal/config/config.go:259.51,261.4 1 0
filesystem-exporter/internal/config/config.go:264.2,264.12 1 2
filesystem-exporter/internal/config/config.go:267.46,268.29 1 2
filesystem-exporter/internal/config/config.go:268.29,270.3 1 0
filesystem-exporter/internal/config/config.go:272.2,274.39 2 2
filesystem-exporter/internal/config/config.go:274.39,276.17 1 3
filesystem-exporter/internal/config/config.go:276.17,278.4 1 0
filesystem-exporter/internal/config/config.go:281.3,281.21 1 3
filesystem-exporter/internal/config/config.go:281.21,283.4 1 0
filesystem-exporter/internal/config/config.go:284.3,284.32 1 3
filesystem-exporter/internal/config/config.go:284.32,286.4 1 0
filesystem-exporter/internal/config/config.go:287.3,287.26 1 3
filesystem-exporter/internal/config/config.go:287.26,289.4 1 0
filesystem-exporter/internal/config/config.go:290.3,293.33 2 3
filesystem-exporter/internal/config/config.go:293.33,295.4 1 0
filesystem-exporter/internal/config/config.go:296.3,296.34 1 3
filesystem-exporter/internal/config/config.go:296.34,298.4 1 0
filesystem-exporter/internal/config/config.go:301.3,301.26 1 3
filesystem-exporter/internal/config/config.go:301.26,302.34 1 1
filesystem-exporter/internal/config/config.go:302.34,304.5 1 0
filesystem-exporter/internal/config/config.go:305.4,305.38 1 1
filesystem-exporter/internal/config/config.go:305.38,307.5 1 0
filesystem-exporter/internal/config/config.go:311.3,311.46 1 3
filesystem-exporter/internal/config/config.go:311.46,313.4 1 0
filesystem-exporter/internal/config/config.go:316.2,316.12 1 2
filesystem-exporter/internal/config/config.go:320.65,321.24 1 0
filesystem-exporter/internal/config/config.go:321.24,323.3 1 0
filesystem-exporter/internal/config/config.go:324.2,324.55 1 0
filesystem-exporter/internal/config/config.go:328.63,329.25 1 0
filesystem-exporter/internal/config/config.go:329.25,331.3 1 0
filesystem-exporter/internal/config/config.go:332.2,332.55 1 0
filesystem-exporter/internal/collectors/directory_collector.go:25.96,30.2 1 3
filesystem-exporter/internal/collectors/directory_collector.go:32.58,34.2 1 1
filesystem-exporter/internal/collectors/directory_collector.go:36.56,39.15 2 1
filesystem-exporter/internal/collectors/directory_collector.go:39.15,40.34 1 0
filesystem-exporter/internal/collectors/directory_collector.go:40.34,42.4 1 0
filesystem-exporter/internal/collectors/directory_collector.go:46.2,46.54 1 1
filesystem-exporter/internal/collectors/directory_collector.go:46.54,55.51 5 1
filesystem-exporter/internal/collectors/directory_collector.go:55.51,56.8 1 0
filesystem-exporter/internal/collectors/directory_collector.go:56.8,57.12 1 0
filesystem-exporter/internal/collectors/directory_collector.go:58.23,59.12 1 0
filesystem-exporter/internal/collectors/directory_collector.go:60.21,61.42 1 0
filesystem-exporter/internal/collectors/directory_collector.go:68.2,69.42 2 0
filesystem-exporter/internal/collectors/directory_collector.go:72.101,79.42 4 1
filesystem-exporter/internal/collectors/directory_collector.go:79.42,81.3 1 1
filesystem-exporter/internal/collectors/directory_collector.go:83.2,83.16 1 0
filesystem-exporter/internal/collectors/directory_collector.go:83.16,87.3 3 0
filesystem-exporter/internal/collectors/directory_collector.go:88.2,94.95 5 0
filesystem-exporter/internal/collectors/directory_collector.go:98.122,102.53 3 1
filesystem-exporter/internal/collectors/directory_collector.go:102.53,103.37 1 1
filesystem-exporter/internal/collectors/directory_collector.go:103.37,105.4 1 0
filesystem-exporter/internal/collectors/directory_collector.go:105.9,107.28 2 1
filesystem-exporter/internal/collectors/directory_collector.go:107.28,111.5 3 1
filesystem-exporter/internal/collectors/directory_collector.go:115.2,115.84 1 0
filesystem-exporter/internal/collectors/directory_collector.go:118.129,120.2 1 1
filesystem-exporter/internal/collectors/directory_collector.go:122.129,123.35 1 1
filesystem-exporter/internal/collectors/directory_collector.go:123.35,126.3 1 1
filesystem-exporter/internal/collectors/directory_collector.go:129.2,129.67 1 0
filesystem-exporter/internal/collectors/directory_collector.go:132.127,134.46 1 7
filesystem-exporter/internal/collectors/directory_collector.go:134.46,137.3 2 0
filesystem-exporter/internal/collectors/directory_collector.go:140.2,159.16 11 7
filesystem-exporter/internal/collectors/directory_collector.go:159.16,162.3 2 7
filesystem-exporter/internal/collectors/directory_collector.go:165.2,166.20 2 0
filesystem-exporter/internal/collectors/directory_collector.go:166.20,169.3 2 0
filesystem-exporter/internal/collectors/directory_collector.go:171.2,172.16 2 0
filesystem-exporter/internal/collectors/directory_collector.go:172.16,175.3 2 0
filesystem-exporter/internal/collectors/directory_collector.go:178.2,191.12 5 0
filesystem-exporter/internal/collectors/directory_collector.go:194.129,196.52 1 0
filesystem-exporter/internal/collectors/directory_collector.go:196.52,199.3 2 0
filesystem-exporter/internal/collectors/directory_collector.go:202.2,202.96 1 0
filesystem-exporter/internal/collectors/directory_collector.go:202.96,205.3 1 0
filesystem-exporter/internal/collectors/directory_collector.go:208.2,208.88 1 0
filesystem-exporter/internal/collectors/directory_collector.go:208.88,209.17 1 0
filesystem-exporter/internal/collectors/directory_collector.go:209.17,212.4 2 0
filesystem-exporter/internal/collectors/directory_collector.go:215.3,215.25 1 0
filesystem-exporter/internal/collectors/directory_collector.go:215.25,217.4 1 0
filesystem-exporter/internal/collectors/directory_collector.go:220.3,221.77 2 0
filesystem-exporter/internal/collectors/directory_collector.go:221.77,223.4 1 0
filesystem-exporter/internal/collectors/directory_collector.go:226.3,227.17 2 0
filesystem-exporter/internal/collectors/directory_collector.go:227.17,230.4 2 0
filesystem-exporter/internal/collectors/directory_collector.go:234.3,238.59 3 0
filesystem-exporter/internal/collectors/directory_collector.go:238.59,240.4 1 0
filesystem-exporter/internal/collectors/directory_collector.go:240.9,242.4 1 0
filesystem-exporter/internal/collectors/directory_collector.go:243.3,243.17 1 0
filesystem-exporter/internal/collectors/directory_collector.go:243.17,245.4 1 0
filesystem-exporter/internal/collectors/directory_collector.go:248.3,248.53 1 0
filesystem-exporter/internal/collectors/directory_collector.go:248.53,250.96 1 0
filesystem-exporter/internal/collectors/directory_collector.go:250.96,253.5 1 0
filesystem-exporter/internal/collectors/directory_collector.go:254.9,254.46 1 0
filesystem-exporter/internal/collectors/directory_collector.go:254.46,257.4 1 0
filesystem-exporter/internal/collectors/directory_collector.go:259.3,259.13 1 0
filesystem-exporter/internal/collectors/directory_collector.go:262.2,262.16 1 0
filesystem-exporter/internal/collectors/directory_collector.go:262.16,265.3 2 0
filesystem-exporter/internal/collectors/directory_collector.go:267.2,267.12 1 0
filesystem-exporter/internal/collectors/directory_collector.go:271.63,273.41 1 7
filesystem-exporter/internal/collectors/directory_collector.go:273.41,275.3 1 0
filesystem-exporter/internal/collectors/directory_collector.go:278.2,278.27 1 7
filesystem-exporter/internal/collectors/directory_collector.go:278.27,280.3 1 0
filesystem-exporter/internal/collectors/directory_collector.go:283.2,284.44 2 7
filesystem-exporter/internal/collectors/directory_collector.go:284.44,285.38 1 35
filesystem-exporter/internal/collectors/directory_collector.go:285.38,287.4 1 0
filesystem-exporter/internal/collectors/directory_collector.go:290.2,290.12 1 7
filesystem-exporter/internal/collectors/volume_collector.go:23.98,28.2 1 0
filesystem-exporter/internal/collectors/volume_collector.go:30.59,32.2 1 0
filesystem-exporter/internal/collectors/volume_collector.go:34.57,37.15 2 0
filesystem-exporter/internal/collectors/volume_collector.go:37.15,38.34 1 0
filesystem-exporter/internal/collectors/volume_collector.go:38.34,40.4 1 0
filesystem-exporter/internal/collectors/volume_collector.go:44.2,44.51 1 0
filesystem-exporter/internal/collectors/volume_collector.go:44.51,53.39 5 0
filesystem-exporter/internal/collectors/volume_collector.go:53.39,54.8 1 0
filesystem-exporter/internal/collectors/volume_collector.go:54.8,55.12 1 0
filesystem-exporter/internal/collectors/volume_collector.go:56.23,57.12 1 0
filesystem-exporter/internal/collectors/volume_collector.go:58.21,59.36 1 0
filesystem-exporter/internal/collectors/volume_collector.go:66.2,67.43 2 0
filesystem-exporter/internal/collectors/volume_collector.go:70.92,77.42 4 0
filesystem-exporter/internal/collectors/volume_collector.go:77.42,79.3 1 0
filesystem-exporter/internal/collectors/volume_collector.go:81.2,81.16 1 0
filesystem-exporter/internal/collectors/volume_collector.go:81.16,85.3 3 0
filesystem-exporter/internal/collectors/volume_collector.go:86.2,92.107 5 0
filesystem-exporter/internal/collectors/volume_collector.go:96.123,100.53 3 0
filesystem-exporter/internal/collectors/volume_collector.go:100.53,101.37 1 0
filesystem-exporter/internal/collectors/volume_collector.go:101.37,103.4 1 0
filesystem-exporter/internal/collectors/volume_collector.go:103.9,105.28 2 0
filesystem-exporter/internal/collectors/volume_collector.go:105.28,109.5 3 0
filesystem-exporter/internal/collectors/volume_collector.go:113.2,113.84 1 0
filesystem-exporter/internal/collectors/volume_collector.go:116.97,118.69 1 0
filesystem-exporter/internal/collectors/volume_collector.go:118.69,120.3 1 0
filesystem-exporter/internal/collectors/volume_collector.go:123.2,132.16 6 0
filesystem-exporter/internal/collectors/volume_collector.go:132.16,134.3 1 0
filesystem-exporter/internal/collectors/volume_collector.go:136.2,137.20 2 0
filesystem-exporter/internal/collectors/volume_collector.go:137.20,139.3 1 0
filesystem-exporter/internal/collectors/volume_collector.go:142.2,151.34 3 0
filesystem-exporter/internal/collectors/volume_collector.go:151.34,153.17 2 0
filesystem-exporter/internal/collectors/volume_collector.go:153.17,154.12 1 0
filesystem-exporter/internal/collectors/volume_collector.go:157.3,158.22 2 0
filesystem-exporter/internal/collectors/volume_collector.go:158.22,160.64 1 0
filesystem-exporter/internal/collectors/volume_collector.go:160.64,162.10 2 0
filesystem-exporter/internal/collectors/volume_collector.go:167.2,167.21 1 0
filesystem-exporter/internal/collectors/volume_collector.go:167.21,169.40 1 0
filesystem-exporter/internal/collectors/volume_collector.go:169.40,171.18 2 0
filesystem-exporter/internal/collectors/volume_collector.go:171.18,173.24 2 0
filesystem-exporter/internal/collectors/volume_collector.go:173.24,177.25 1 0
filesystem-exporter/internal/collectors/volume_collector.go:177.25,179.67 1 0
filesystem-exporter/internal/collectors/volume_collector.go:179.67,181.13 2 0
filesystem-exporter/internal/collectors/volume_collector.go:189.2,189.21 1 0
filesystem-exporter/internal/collectors/volume_collector.go:189.21,191.3 1 0
filesystem-exporter/internal/collectors/volume_collector.go:193.2,194.20 2 0
filesystem-exporter/internal/collectors/volume_collector.go:194.20,196.3 1 0
filesystem-exporter/internal/collectors/volume_collector.go:202.2,206.76 3 0
filesystem-exporter/internal/collectors/volume_collector.go:206.76,208.22 1 0
filesystem-exporter/internal/collectors/volume_collector.go:208.22,210.4 1 0
filesystem-exporter/internal/collectors/volume_collector.go:210.9,212.4 1 0
filesystem-exporter/internal/collectors/volume_collector.go:213.8,215.22 1 0
filesystem-exporter/internal/collectors/volume_collector.go:215.22,217.23 2 0
filesystem-exporter/internal/collectors/volume_collector.go:217.23,219.5 1 0
filesystem-exporter/internal/collectors/volume_collector.go:220.4,221.23 2 0
filesystem-exporter/internal/collectors/volume_collector.go:221.23,223.5 1 0
filesystem-exporter/internal/collectors/volume_collector.go:224.9,226.4 1 0
filesystem-exporter/internal/collectors/volume_collector.go:229.2,229.21 1 0
filesystem-exporter/internal/collectors/volume_collector.go:229.21,231.3 1 0
filesystem-exporter/internal/collectors/volume_collector.go:234.2,252.12 9 0
filesystem-exporter/internal/collectors/volume_collector.go:256.76,258.47 1 0
filesystem-exporter/internal/collectors/volume_collector.go:258.47,260.3 1 0
filesystem-exporter/internal/collectors/volume_collector.go:263.2,263.33 1 0
filesystem-exporter/internal/collectors/volume_collector.go:263.33,265.3 1 0
filesystem-exporter/internal/collectors/volume_collector.go:268.2,269.44 2 0
filesystem-exporter/internal/collectors/volume_collector.go:269.44,270.44 1 0
filesystem-exporter/internal/collectors/volume_collector.go:270.44,272.4 1 0
filesystem-exporter/internal/collectors/volume_collector.go:275.2,275.12 1 0
filesystem-exporter/internal/collectors/volume_collector.go:279.65,283.2 1 0
